{"/home/username_bolivarli/frontend-project-46/index.js": {"path":"/home/username_bolivarli/frontend-project-46/index.js","all":false,"statementMap":{"0":{"start":{"line":1,"column":0},"end":{"line":1,"column":24}},"1":{"start":{"line":2,"column":0},"end":{"line":2,"column":20}},"2":{"start":{"line":3,"column":0},"end":{"line":3,"column":0}},"3":{"start":{"line":4,"column":0},"end":{"line":4,"column":36}},"4":{"start":{"line":5,"column":0},"end":{"line":5,"column":34}},"5":{"start":{"line":6,"column":0},"end":{"line":6,"column":20}},"6":{"start":{"line":7,"column":0},"end":{"line":7,"column":3}},"7":{"start":{"line":8,"column":0},"end":{"line":8,"column":41}},"8":{"start":{"line":9,"column":0},"end":{"line":9,"column":76}},"9":{"start":{"line":10,"column":0},"end":{"line":10,"column":61}},"10":{"start":{"line":11,"column":0},"end":{"line":11,"column":74}},"11":{"start":{"line":12,"column":0},"end":{"line":12,"column":41}},"12":{"start":{"line":13,"column":0},"end":{"line":13,"column":64}},"13":{"start":{"line":14,"column":0},"end":{"line":14,"column":3}},"14":{"start":{"line":15,"column":0},"end":{"line":15,"column":34}},"15":{"start":{"line":16,"column":0},"end":{"line":16,"column":41}},"16":{"start":{"line":17,"column":0},"end":{"line":17,"column":55}},"17":{"start":{"line":18,"column":0},"end":{"line":18,"column":16}},"18":{"start":{"line":19,"column":0},"end":{"line":19,"column":3}},"19":{"start":{"line":20,"column":0},"end":{"line":20,"column":0}},"20":{"start":{"line":21,"column":0},"end":{"line":21,"column":26}},"21":{"start":{"line":22,"column":0},"end":{"line":22,"column":1}},"22":{"start":{"line":23,"column":0},"end":{"line":23,"column":0}},"23":{"start":{"line":24,"column":0},"end":{"line":24,"column":62}},"24":{"start":{"line":25,"column":0},"end":{"line":25,"column":0}},"25":{"start":{"line":26,"column":0},"end":{"line":26,"column":45}}},"s":{"0":1,"1":1,"2":1,"3":5,"4":5,"5":1,"6":1,"7":4,"8":4,"9":4,"10":4,"11":4,"12":4,"13":4,"14":4,"15":5,"16":1,"17":1,"18":1,"19":3,"20":3,"21":3,"22":1,"23":1,"24":1,"25":1},"branchMap":{"0":{"type":"branch","line":4,"loc":{"start":{"line":4,"column":0},"end":{"line":22,"column":1}},"locations":[{"start":{"line":4,"column":0},"end":{"line":22,"column":1}}]},"1":{"type":"branch","line":5,"loc":{"start":{"line":5,"column":33},"end":{"line":7,"column":3}},"locations":[{"start":{"line":5,"column":33},"end":{"line":7,"column":3}}]},"2":{"type":"branch","line":7,"loc":{"start":{"line":7,"column":2},"end":{"line":16,"column":40}},"locations":[{"start":{"line":7,"column":2},"end":{"line":16,"column":40}}]},"3":{"type":"branch","line":16,"loc":{"start":{"line":16,"column":40},"end":{"line":19,"column":3}},"locations":[{"start":{"line":16,"column":40},"end":{"line":19,"column":3}}]},"4":{"type":"branch","line":19,"loc":{"start":{"line":19,"column":2},"end":{"line":22,"column":1}},"locations":[{"start":{"line":19,"column":2},"end":{"line":22,"column":1}}]},"5":{"type":"branch","line":24,"loc":{"start":{"line":24,"column":26},"end":{"line":24,"column":61}},"locations":[{"start":{"line":24,"column":26},"end":{"line":24,"column":61}}]}},"b":{"0":[5],"1":[1],"2":[4],"3":[1],"4":[3],"5":[7]},"fnMap":{"0":{"name":"getAbsolutePath","decl":{"start":{"line":4,"column":0},"end":{"line":22,"column":1}},"loc":{"start":{"line":4,"column":0},"end":{"line":22,"column":1}},"line":4},"1":{"name":"getFileExtension","decl":{"start":{"line":24,"column":26},"end":{"line":24,"column":61}},"loc":{"start":{"line":24,"column":26},"end":{"line":24,"column":61}},"line":24}},"f":{"0":5,"1":7}}
,"/home/username_bolivarli/frontend-project-46/formatters/index.js": {"path":"/home/username_bolivarli/frontend-project-46/formatters/index.js","all":false,"statementMap":{"0":{"start":{"line":1,"column":0},"end":{"line":1,"column":35}},"1":{"start":{"line":2,"column":0},"end":{"line":2,"column":37}},"2":{"start":{"line":3,"column":0},"end":{"line":3,"column":35}},"3":{"start":{"line":4,"column":0},"end":{"line":4,"column":0}},"4":{"start":{"line":5,"column":0},"end":{"line":5,"column":44}}},"s":{"0":1,"1":1,"2":1,"3":1,"4":1},"branchMap":{},"b":{},"fnMap":{},"f":{}}
,"/home/username_bolivarli/frontend-project-46/formatters/json.js": {"path":"/home/username_bolivarli/frontend-project-46/formatters/json.js","all":false,"statementMap":{"0":{"start":{"line":1,"column":0},"end":{"line":1,"column":57}},"1":{"start":{"line":2,"column":0},"end":{"line":2,"column":0}},"2":{"start":{"line":3,"column":0},"end":{"line":3,"column":26}}},"s":{"0":1,"1":1,"2":1},"branchMap":{"0":{"type":"branch","line":1,"loc":{"start":{"line":1,"column":20},"end":{"line":1,"column":56}},"locations":[{"start":{"line":1,"column":20},"end":{"line":1,"column":56}}]}},"b":{"0":[1]},"fnMap":{"0":{"name":"formatJson","decl":{"start":{"line":1,"column":20},"end":{"line":1,"column":56}},"loc":{"start":{"line":1,"column":20},"end":{"line":1,"column":56}},"line":1}},"f":{"0":1}}
,"/home/username_bolivarli/frontend-project-46/formatters/plain.js": {"path":"/home/username_bolivarli/frontend-project-46/formatters/plain.js","all":false,"statementMap":{"0":{"start":{"line":1,"column":0},"end":{"line":1,"column":23}},"1":{"start":{"line":2,"column":0},"end":{"line":2,"column":0}},"2":{"start":{"line":3,"column":0},"end":{"line":3,"column":32}},"3":{"start":{"line":4,"column":0},"end":{"line":4,"column":26}},"4":{"start":{"line":5,"column":0},"end":{"line":5,"column":29}},"5":{"start":{"line":6,"column":0},"end":{"line":6,"column":3}},"6":{"start":{"line":7,"column":0},"end":{"line":7,"column":34}},"7":{"start":{"line":8,"column":0},"end":{"line":8,"column":24}},"8":{"start":{"line":9,"column":0},"end":{"line":9,"column":3}},"9":{"start":{"line":10,"column":0},"end":{"line":10,"column":15}},"10":{"start":{"line":11,"column":0},"end":{"line":11,"column":2}},"11":{"start":{"line":12,"column":0},"end":{"line":12,"column":0}},"12":{"start":{"line":13,"column":0},"end":{"line":13,"column":31}},"13":{"start":{"line":14,"column":0},"end":{"line":14,"column":20}},"14":{"start":{"line":15,"column":0},"end":{"line":15,"column":0}},"15":{"start":{"line":16,"column":0},"end":{"line":16,"column":37}},"16":{"start":{"line":17,"column":0},"end":{"line":17,"column":28}},"17":{"start":{"line":18,"column":0},"end":{"line":18,"column":66}},"18":{"start":{"line":19,"column":0},"end":{"line":19,"column":0}},"19":{"start":{"line":20,"column":0},"end":{"line":20,"column":26}},"20":{"start":{"line":21,"column":0},"end":{"line":21,"column":21}},"21":{"start":{"line":22,"column":0},"end":{"line":22,"column":22}},"22":{"start":{"line":23,"column":0},"end":{"line":23,"column":89}},"23":{"start":{"line":24,"column":0},"end":{"line":24,"column":12}},"24":{"start":{"line":25,"column":0},"end":{"line":25,"column":16}},"25":{"start":{"line":26,"column":0},"end":{"line":26,"column":23}},"26":{"start":{"line":27,"column":0},"end":{"line":27,"column":63}},"27":{"start":{"line":28,"column":0},"end":{"line":28,"column":16}},"28":{"start":{"line":29,"column":0},"end":{"line":29,"column":23}},"29":{"start":{"line":30,"column":0},"end":{"line":30,"column":22}},"30":{"start":{"line":31,"column":0},"end":{"line":31,"column":89}},"31":{"start":{"line":32,"column":0},"end":{"line":32,"column":44}},"32":{"start":{"line":33,"column":0},"end":{"line":33,"column":12}},"33":{"start":{"line":34,"column":0},"end":{"line":34,"column":16}},"34":{"start":{"line":35,"column":0},"end":{"line":35,"column":22}},"35":{"start":{"line":36,"column":0},"end":{"line":36,"column":43}},"36":{"start":{"line":37,"column":0},"end":{"line":37,"column":16}},"37":{"start":{"line":38,"column":0},"end":{"line":38,"column":16}},"38":{"start":{"line":39,"column":0},"end":{"line":39,"column":16}},"39":{"start":{"line":40,"column":0},"end":{"line":40,"column":7}},"40":{"start":{"line":41,"column":0},"end":{"line":41,"column":7}},"41":{"start":{"line":42,"column":0},"end":{"line":42,"column":4}},"42":{"start":{"line":43,"column":0},"end":{"line":43,"column":0}},"43":{"start":{"line":44,"column":0},"end":{"line":44,"column":13}},"44":{"start":{"line":45,"column":0},"end":{"line":45,"column":27}},"45":{"start":{"line":46,"column":0},"end":{"line":46,"column":2}},"46":{"start":{"line":47,"column":0},"end":{"line":47,"column":0}},"47":{"start":{"line":48,"column":0},"end":{"line":48,"column":27}}},"s":{"0":1,"1":1,"2":1,"3":26,"4":6,"5":6,"6":26,"7":14,"8":14,"9":6,"10":6,"11":1,"12":1,"13":2,"14":2,"15":2,"16":10,"17":36,"18":36,"19":36,"20":36,"21":10,"22":10,"23":10,"24":10,"25":36,"26":4,"27":4,"28":36,"29":8,"30":8,"31":8,"32":8,"33":8,"34":36,"35":8,"36":8,"37":36,"38":6,"39":36,"40":10,"41":2,"42":2,"43":2,"44":2,"45":2,"46":1,"47":1},"branchMap":{"0":{"type":"branch","line":3,"loc":{"start":{"line":3,"column":21},"end":{"line":11,"column":2}},"locations":[{"start":{"line":3,"column":21},"end":{"line":11,"column":2}}]},"1":{"type":"branch","line":4,"loc":{"start":{"line":4,"column":25},"end":{"line":6,"column":3}},"locations":[{"start":{"line":4,"column":25},"end":{"line":6,"column":3}}]},"2":{"type":"branch","line":6,"loc":{"start":{"line":6,"column":2},"end":{"line":7,"column":33}},"locations":[{"start":{"line":6,"column":2},"end":{"line":7,"column":33}}]},"3":{"type":"branch","line":7,"loc":{"start":{"line":7,"column":33},"end":{"line":9,"column":3}},"locations":[{"start":{"line":7,"column":33},"end":{"line":9,"column":3}}]},"4":{"type":"branch","line":9,"loc":{"start":{"line":9,"column":2},"end":{"line":11,"column":2}},"locations":[{"start":{"line":9,"column":2},"end":{"line":11,"column":2}}]},"5":{"type":"branch","line":13,"loc":{"start":{"line":13,"column":21},"end":{"line":46,"column":2}},"locations":[{"start":{"line":13,"column":21},"end":{"line":46,"column":2}}]},"6":{"type":"branch","line":16,"loc":{"start":{"line":16,"column":15},"end":{"line":42,"column":3}},"locations":[{"start":{"line":16,"column":15},"end":{"line":42,"column":3}}]},"7":{"type":"branch","line":17,"loc":{"start":{"line":17,"column":18},"end":{"line":41,"column":5}},"locations":[{"start":{"line":17,"column":18},"end":{"line":41,"column":5}}]},"8":{"type":"branch","line":18,"loc":{"start":{"line":18,"column":30},"end":{"line":18,"column":54}},"locations":[{"start":{"line":18,"column":30},"end":{"line":18,"column":54}}]},"9":{"type":"branch","line":18,"loc":{"start":{"line":18,"column":54},"end":{"line":18,"column":65}},"locations":[{"start":{"line":18,"column":54},"end":{"line":18,"column":65}}]},"10":{"type":"branch","line":21,"loc":{"start":{"line":21,"column":8},"end":{"line":25,"column":16}},"locations":[{"start":{"line":21,"column":8},"end":{"line":25,"column":16}}]},"11":{"type":"branch","line":26,"loc":{"start":{"line":26,"column":8},"end":{"line":28,"column":16}},"locations":[{"start":{"line":26,"column":8},"end":{"line":28,"column":16}}]},"12":{"type":"branch","line":29,"loc":{"start":{"line":29,"column":8},"end":{"line":34,"column":16}},"locations":[{"start":{"line":29,"column":8},"end":{"line":34,"column":16}}]},"13":{"type":"branch","line":35,"loc":{"start":{"line":35,"column":8},"end":{"line":37,"column":16}},"locations":[{"start":{"line":35,"column":8},"end":{"line":37,"column":16}}]},"14":{"type":"branch","line":38,"loc":{"start":{"line":38,"column":8},"end":{"line":39,"column":16}},"locations":[{"start":{"line":38,"column":8},"end":{"line":39,"column":16}}]}},"b":{"0":[26],"1":[6],"2":[20],"3":[14],"4":[6],"5":[2],"6":[10],"7":[36],"8":[28],"9":[8],"10":[10],"11":[4],"12":[8],"13":[8],"14":[6]},"fnMap":{"0":{"name":"formatValue","decl":{"start":{"line":3,"column":21},"end":{"line":11,"column":2}},"loc":{"start":{"line":3,"column":21},"end":{"line":11,"column":2}},"line":3},"1":{"name":"formatPlain","decl":{"start":{"line":13,"column":21},"end":{"line":46,"column":2}},"loc":{"start":{"line":13,"column":21},"end":{"line":46,"column":2}},"line":13},"2":{"name":"iter","decl":{"start":{"line":16,"column":15},"end":{"line":42,"column":3}},"loc":{"start":{"line":16,"column":15},"end":{"line":42,"column":3}},"line":16}},"f":{"0":26,"1":2,"2":10}}
,"/home/username_bolivarli/frontend-project-46/formatters/stylish.js": {"path":"/home/username_bolivarli/frontend-project-46/formatters/stylish.js","all":false,"statementMap":{"0":{"start":{"line":1,"column":0},"end":{"line":1,"column":23}},"1":{"start":{"line":2,"column":0},"end":{"line":2,"column":0}},"2":{"start":{"line":3,"column":0},"end":{"line":3,"column":39}},"3":{"start":{"line":4,"column":0},"end":{"line":4,"column":27}},"4":{"start":{"line":5,"column":0},"end":{"line":5,"column":17}},"5":{"start":{"line":6,"column":0},"end":{"line":6,"column":3}},"6":{"start":{"line":7,"column":0},"end":{"line":7,"column":0}},"7":{"start":{"line":8,"column":0},"end":{"line":8,"column":31}},"8":{"start":{"line":9,"column":0},"end":{"line":9,"column":47}},"9":{"start":{"line":10,"column":0},"end":{"line":10,"column":51}},"10":{"start":{"line":11,"column":0},"end":{"line":11,"column":42}},"11":{"start":{"line":12,"column":0},"end":{"line":12,"column":77}},"12":{"start":{"line":13,"column":0},"end":{"line":13,"column":4}},"13":{"start":{"line":14,"column":0},"end":{"line":14,"column":0}},"14":{"start":{"line":15,"column":0},"end":{"line":15,"column":57}},"15":{"start":{"line":16,"column":0},"end":{"line":16,"column":2}},"16":{"start":{"line":17,"column":0},"end":{"line":17,"column":0}},"17":{"start":{"line":18,"column":0},"end":{"line":18,"column":38}},"18":{"start":{"line":19,"column":0},"end":{"line":19,"column":31}},"19":{"start":{"line":20,"column":0},"end":{"line":20,"column":51}},"20":{"start":{"line":21,"column":0},"end":{"line":21,"column":51}},"21":{"start":{"line":22,"column":0},"end":{"line":22,"column":0}},"22":{"start":{"line":23,"column":0},"end":{"line":23,"column":36}},"23":{"start":{"line":24,"column":0},"end":{"line":24,"column":24}},"24":{"start":{"line":25,"column":0},"end":{"line":25,"column":19}},"25":{"start":{"line":26,"column":0},"end":{"line":26,"column":86}},"26":{"start":{"line":27,"column":0},"end":{"line":27,"column":21}},"27":{"start":{"line":28,"column":0},"end":{"line":28,"column":86}},"28":{"start":{"line":29,"column":0},"end":{"line":29,"column":21}},"29":{"start":{"line":30,"column":0},"end":{"line":30,"column":16}},"30":{"start":{"line":31,"column":0},"end":{"line":31,"column":84}},"31":{"start":{"line":32,"column":0},"end":{"line":32,"column":84}},"32":{"start":{"line":33,"column":0},"end":{"line":33,"column":21}},"33":{"start":{"line":34,"column":0},"end":{"line":34,"column":23}},"34":{"start":{"line":35,"column":0},"end":{"line":35,"column":86}},"35":{"start":{"line":36,"column":0},"end":{"line":36,"column":20}},"36":{"start":{"line":37,"column":0},"end":{"line":37,"column":85}},"37":{"start":{"line":38,"column":0},"end":{"line":38,"column":14}},"38":{"start":{"line":39,"column":0},"end":{"line":39,"column":50}},"39":{"start":{"line":40,"column":0},"end":{"line":40,"column":20}},"40":{"start":{"line":41,"column":0},"end":{"line":41,"column":5}},"41":{"start":{"line":42,"column":0},"end":{"line":42,"column":5}},"42":{"start":{"line":43,"column":0},"end":{"line":43,"column":0}},"43":{"start":{"line":44,"column":0},"end":{"line":44,"column":57}},"44":{"start":{"line":45,"column":0},"end":{"line":45,"column":2}},"45":{"start":{"line":46,"column":0},"end":{"line":46,"column":0}},"46":{"start":{"line":47,"column":0},"end":{"line":47,"column":23}}},"s":{"0":1,"1":1,"2":1,"3":54,"4":40,"5":40,"6":14,"7":14,"8":14,"9":14,"10":14,"11":14,"12":14,"13":14,"14":14,"15":14,"16":1,"17":1,"18":11,"19":11,"20":11,"21":11,"22":11,"23":37,"24":37,"25":10,"26":37,"27":4,"28":37,"29":8,"30":8,"31":8,"32":8,"33":37,"34":6,"35":37,"36":8,"37":37,"38":1,"39":1,"40":37,"41":11,"42":11,"43":11,"44":11,"45":1,"46":1},"branchMap":{"0":{"type":"branch","line":3,"loc":{"start":{"line":3,"column":20},"end":{"line":16,"column":2}},"locations":[{"start":{"line":3,"column":20},"end":{"line":16,"column":2}}]},"1":{"type":"branch","line":4,"loc":{"start":{"line":4,"column":26},"end":{"line":6,"column":3}},"locations":[{"start":{"line":4,"column":26},"end":{"line":6,"column":3}}]},"2":{"type":"branch","line":6,"loc":{"start":{"line":6,"column":2},"end":{"line":16,"column":2}},"locations":[{"start":{"line":6,"column":2},"end":{"line":16,"column":2}}]},"3":{"type":"branch","line":12,"loc":{"start":{"line":12,"column":4},"end":{"line":12,"column":77}},"locations":[{"start":{"line":12,"column":4},"end":{"line":12,"column":77}}]},"4":{"type":"branch","line":18,"loc":{"start":{"line":18,"column":16},"end":{"line":45,"column":2}},"locations":[{"start":{"line":18,"column":16},"end":{"line":45,"column":2}}]},"5":{"type":"branch","line":23,"loc":{"start":{"line":23,"column":26},"end":{"line":42,"column":3}},"locations":[{"start":{"line":23,"column":26},"end":{"line":42,"column":3}}]},"6":{"type":"branch","line":25,"loc":{"start":{"line":25,"column":6},"end":{"line":26,"column":86}},"locations":[{"start":{"line":25,"column":6},"end":{"line":26,"column":86}}]},"7":{"type":"branch","line":27,"loc":{"start":{"line":27,"column":6},"end":{"line":28,"column":86}},"locations":[{"start":{"line":27,"column":6},"end":{"line":28,"column":86}}]},"8":{"type":"branch","line":29,"loc":{"start":{"line":29,"column":6},"end":{"line":33,"column":21}},"locations":[{"start":{"line":29,"column":6},"end":{"line":33,"column":21}}]},"9":{"type":"branch","line":34,"loc":{"start":{"line":34,"column":6},"end":{"line":35,"column":86}},"locations":[{"start":{"line":34,"column":6},"end":{"line":35,"column":86}}]},"10":{"type":"branch","line":36,"loc":{"start":{"line":36,"column":6},"end":{"line":37,"column":85}},"locations":[{"start":{"line":36,"column":6},"end":{"line":37,"column":85}}]},"11":{"type":"branch","line":38,"loc":{"start":{"line":38,"column":6},"end":{"line":40,"column":20}},"locations":[{"start":{"line":38,"column":6},"end":{"line":40,"column":20}}]}},"b":{"0":[54],"1":[40],"2":[14],"3":[18],"4":[11],"5":[37],"6":[10],"7":[4],"8":[8],"9":[6],"10":[8],"11":[1]},"fnMap":{"0":{"name":"formatValue","decl":{"start":{"line":3,"column":20},"end":{"line":16,"column":2}},"loc":{"start":{"line":3,"column":20},"end":{"line":16,"column":2}},"line":3},"1":{"name":"stylish","decl":{"start":{"line":18,"column":16},"end":{"line":45,"column":2}},"loc":{"start":{"line":18,"column":16},"end":{"line":45,"column":2}},"line":18}},"f":{"0":54,"1":11}}
,"/home/username_bolivarli/frontend-project-46/src/gendifffunc.js": {"path":"/home/username_bolivarli/frontend-project-46/src/gendifffunc.js","all":false,"statementMap":{"0":{"start":{"line":1,"column":0},"end":{"line":1,"column":23}},"1":{"start":{"line":2,"column":0},"end":{"line":2,"column":74}},"2":{"start":{"line":3,"column":0},"end":{"line":3,"column":0}},"3":{"start":{"line":4,"column":0},"end":{"line":4,"column":37}},"4":{"start":{"line":5,"column":0},"end":{"line":5,"column":70}},"5":{"start":{"line":6,"column":0},"end":{"line":6,"column":42}},"6":{"start":{"line":7,"column":0},"end":{"line":7,"column":29}},"7":{"start":{"line":8,"column":0},"end":{"line":8,"column":60}},"8":{"start":{"line":9,"column":0},"end":{"line":9,"column":36}},"9":{"start":{"line":10,"column":0},"end":{"line":10,"column":58}},"10":{"start":{"line":11,"column":0},"end":{"line":11,"column":66}},"11":{"start":{"line":12,"column":0},"end":{"line":12,"column":16}},"12":{"start":{"line":13,"column":0},"end":{"line":13,"column":12}},"13":{"start":{"line":14,"column":0},"end":{"line":14,"column":23}},"14":{"start":{"line":15,"column":0},"end":{"line":15,"column":52}},"15":{"start":{"line":16,"column":0},"end":{"line":16,"column":9}},"16":{"start":{"line":17,"column":0},"end":{"line":17,"column":52}},"17":{"start":{"line":18,"column":0},"end":{"line":18,"column":16}},"18":{"start":{"line":19,"column":0},"end":{"line":19,"column":12}},"19":{"start":{"line":20,"column":0},"end":{"line":20,"column":24}},"20":{"start":{"line":21,"column":0},"end":{"line":21,"column":29}},"21":{"start":{"line":22,"column":0},"end":{"line":22,"column":29}},"22":{"start":{"line":23,"column":0},"end":{"line":23,"column":9}},"23":{"start":{"line":24,"column":0},"end":{"line":24,"column":12}},"24":{"start":{"line":25,"column":0},"end":{"line":25,"column":62}},"25":{"start":{"line":26,"column":0},"end":{"line":26,"column":5}},"26":{"start":{"line":27,"column":0},"end":{"line":27,"column":15}},"27":{"start":{"line":28,"column":0},"end":{"line":28,"column":9}},"28":{"start":{"line":29,"column":0},"end":{"line":29,"column":14}},"29":{"start":{"line":30,"column":0},"end":{"line":30,"column":2}},"30":{"start":{"line":31,"column":0},"end":{"line":31,"column":0}},"31":{"start":{"line":32,"column":0},"end":{"line":32,"column":59}},"32":{"start":{"line":33,"column":0},"end":{"line":33,"column":37}},"33":{"start":{"line":34,"column":0},"end":{"line":34,"column":33}},"34":{"start":{"line":35,"column":0},"end":{"line":35,"column":25}},"35":{"start":{"line":36,"column":0},"end":{"line":36,"column":3}},"36":{"start":{"line":37,"column":0},"end":{"line":37,"column":31}},"37":{"start":{"line":38,"column":0},"end":{"line":38,"column":29}},"38":{"start":{"line":39,"column":0},"end":{"line":39,"column":3}},"39":{"start":{"line":40,"column":0},"end":{"line":40,"column":30}},"40":{"start":{"line":41,"column":0},"end":{"line":41,"column":28}},"41":{"start":{"line":42,"column":0},"end":{"line":42,"column":3}},"42":{"start":{"line":43,"column":0},"end":{"line":43,"column":14}},"43":{"start":{"line":44,"column":0},"end":{"line":44,"column":2}},"44":{"start":{"line":45,"column":0},"end":{"line":45,"column":0}},"45":{"start":{"line":46,"column":0},"end":{"line":46,"column":23}}},"s":{"0":1,"1":1,"2":1,"3":1,"4":25,"5":25,"6":90,"7":10,"8":90,"9":25,"10":80,"11":20,"12":20,"13":20,"14":20,"15":20,"16":55,"17":20,"18":20,"19":20,"20":20,"21":20,"22":20,"23":35,"24":15,"25":15,"26":90,"27":25,"28":25,"29":25,"30":1,"31":1,"32":5,"33":5,"34":2,"35":2,"36":5,"37":2,"38":2,"39":5,"40":1,"41":1,"42":5,"43":5,"44":1,"45":1},"branchMap":{"0":{"type":"branch","line":4,"loc":{"start":{"line":4,"column":18},"end":{"line":30,"column":2}},"locations":[{"start":{"line":4,"column":18},"end":{"line":30,"column":2}}]},"1":{"type":"branch","line":6,"loc":{"start":{"line":6,"column":27},"end":{"line":28,"column":3}},"locations":[{"start":{"line":6,"column":27},"end":{"line":28,"column":3}}]},"2":{"type":"branch","line":7,"loc":{"start":{"line":7,"column":28},"end":{"line":9,"column":5}},"locations":[{"start":{"line":7,"column":28},"end":{"line":9,"column":5}}]},"3":{"type":"branch","line":9,"loc":{"start":{"line":9,"column":5},"end":{"line":26,"column":5}},"locations":[{"start":{"line":9,"column":5},"end":{"line":26,"column":5}}]},"4":{"type":"branch","line":9,"loc":{"start":{"line":9,"column":35},"end":{"line":11,"column":5}},"locations":[{"start":{"line":9,"column":35},"end":{"line":11,"column":5}}]},"5":{"type":"branch","line":11,"loc":{"start":{"line":11,"column":5},"end":{"line":26,"column":5}},"locations":[{"start":{"line":11,"column":5},"end":{"line":26,"column":5}}]},"6":{"type":"branch","line":11,"loc":{"start":{"line":11,"column":37},"end":{"line":11,"column":63}},"locations":[{"start":{"line":11,"column":37},"end":{"line":11,"column":63}}]},"7":{"type":"branch","line":11,"loc":{"start":{"line":11,"column":65},"end":{"line":17,"column":5}},"locations":[{"start":{"line":11,"column":65},"end":{"line":17,"column":5}}]},"8":{"type":"branch","line":17,"loc":{"start":{"line":17,"column":5},"end":{"line":26,"column":5}},"locations":[{"start":{"line":17,"column":5},"end":{"line":26,"column":5}}]},"9":{"type":"branch","line":17,"loc":{"start":{"line":17,"column":51},"end":{"line":24,"column":5}},"locations":[{"start":{"line":17,"column":51},"end":{"line":24,"column":5}}]},"10":{"type":"branch","line":24,"loc":{"start":{"line":24,"column":5},"end":{"line":26,"column":5}},"locations":[{"start":{"line":24,"column":5},"end":{"line":26,"column":5}}]},"11":{"type":"branch","line":32,"loc":{"start":{"line":32,"column":16},"end":{"line":44,"column":2}},"locations":[{"start":{"line":32,"column":16},"end":{"line":44,"column":2}}]},"12":{"type":"branch","line":34,"loc":{"start":{"line":34,"column":32},"end":{"line":36,"column":3}},"locations":[{"start":{"line":34,"column":32},"end":{"line":36,"column":3}}]},"13":{"type":"branch","line":37,"loc":{"start":{"line":37,"column":30},"end":{"line":39,"column":3}},"locations":[{"start":{"line":37,"column":30},"end":{"line":39,"column":3}}]},"14":{"type":"branch","line":40,"loc":{"start":{"line":40,"column":29},"end":{"line":42,"column":3}},"locations":[{"start":{"line":40,"column":29},"end":{"line":42,"column":3}}]}},"b":{"0":[25],"1":[90],"2":[10],"3":[80],"4":[25],"5":[55],"6":[25],"7":[20],"8":[35],"9":[20],"10":[15],"11":[5],"12":[2],"13":[2],"14":[1]},"fnMap":{"0":{"name":"difResult","decl":{"start":{"line":4,"column":18},"end":{"line":30,"column":2}},"loc":{"start":{"line":4,"column":18},"end":{"line":30,"column":2}},"line":4},"1":{"name":"genDiff","decl":{"start":{"line":32,"column":16},"end":{"line":44,"column":2}},"loc":{"start":{"line":32,"column":16},"end":{"line":44,"column":2}},"line":32}},"f":{"0":25,"1":5}}
,"/home/username_bolivarli/frontend-project-46/src/parser.js": {"path":"/home/username_bolivarli/frontend-project-46/src/parser.js","all":false,"statementMap":{"0":{"start":{"line":1,"column":0},"end":{"line":1,"column":27}},"1":{"start":{"line":2,"column":0},"end":{"line":2,"column":0}},"2":{"start":{"line":3,"column":0},"end":{"line":3,"column":37}},"3":{"start":{"line":4,"column":0},"end":{"line":4,"column":18}},"4":{"start":{"line":5,"column":0},"end":{"line":5,"column":19}},"5":{"start":{"line":6,"column":0},"end":{"line":6,"column":17}},"6":{"start":{"line":7,"column":0},"end":{"line":7,"column":37}},"7":{"start":{"line":8,"column":0},"end":{"line":8,"column":25}},"8":{"start":{"line":9,"column":0},"end":{"line":9,"column":16}},"9":{"start":{"line":10,"column":0},"end":{"line":10,"column":36}},"10":{"start":{"line":11,"column":0},"end":{"line":11,"column":25}},"11":{"start":{"line":12,"column":0},"end":{"line":12,"column":17}},"12":{"start":{"line":13,"column":0},"end":{"line":13,"column":36}},"13":{"start":{"line":14,"column":0},"end":{"line":14,"column":25}},"14":{"start":{"line":15,"column":0},"end":{"line":15,"column":12}},"15":{"start":{"line":16,"column":0},"end":{"line":16,"column":45}},"16":{"start":{"line":17,"column":0},"end":{"line":17,"column":18}},"17":{"start":{"line":18,"column":0},"end":{"line":18,"column":3}},"18":{"start":{"line":19,"column":0},"end":{"line":19,"column":2}},"19":{"start":{"line":20,"column":0},"end":{"line":20,"column":0}},"20":{"start":{"line":21,"column":0},"end":{"line":21,"column":25}}},"s":{"0":1,"1":1,"2":1,"3":10,"4":10,"5":10,"6":5,"7":5,"8":10,"9":3,"10":3,"11":10,"12":1,"13":1,"14":10,"15":1,"16":1,"17":10,"18":10,"19":1,"20":1},"branchMap":{"0":{"type":"branch","line":3,"loc":{"start":{"line":3,"column":18},"end":{"line":19,"column":2}},"locations":[{"start":{"line":3,"column":18},"end":{"line":19,"column":2}}]},"1":{"type":"branch","line":6,"loc":{"start":{"line":6,"column":4},"end":{"line":8,"column":25}},"locations":[{"start":{"line":6,"column":4},"end":{"line":8,"column":25}}]},"2":{"type":"branch","line":9,"loc":{"start":{"line":9,"column":4},"end":{"line":11,"column":25}},"locations":[{"start":{"line":9,"column":4},"end":{"line":11,"column":25}}]},"3":{"type":"branch","line":12,"loc":{"start":{"line":12,"column":4},"end":{"line":14,"column":25}},"locations":[{"start":{"line":12,"column":4},"end":{"line":14,"column":25}}]},"4":{"type":"branch","line":15,"loc":{"start":{"line":15,"column":4},"end":{"line":17,"column":18}},"locations":[{"start":{"line":15,"column":4},"end":{"line":17,"column":18}}]}},"b":{"0":[10],"1":[5],"2":[3],"3":[1],"4":[1]},"fnMap":{"0":{"name":"parseData","decl":{"start":{"line":3,"column":18},"end":{"line":19,"column":2}},"loc":{"start":{"line":3,"column":18},"end":{"line":19,"column":2}},"line":3}},"f":{"0":10}}
}
