TN:
SF:src/buildTree.js
FN:3,buildTree
FNF:1
FNH:1
FNDA:35,buildTree
DA:1,1
DA:2,1
DA:3,1
DA:4,35
DA:5,35
DA:6,35
DA:7,126
DA:8,126
DA:9,14
DA:10,126
DA:11,35
DA:12,126
DA:13,28
DA:14,28
DA:15,28
DA:16,28
DA:17,28
DA:18,126
DA:19,28
DA:20,28
DA:21,28
DA:22,28
DA:23,28
DA:24,28
DA:25,126
DA:26,21
DA:27,126
DA:28,35
DA:29,35
DA:30,1
DA:31,1
LF:31
LH:31
BRDA:3,0,0,35
BRDA:6,1,0,126
BRDA:8,2,0,14
BRDA:10,3,0,35
BRDA:12,4,0,28
BRDA:12,5,0,35
BRDA:18,6,0,28
BRDA:25,7,0,21
BRF:8
BRH:8
end_of_record
TN:
SF:src/index.js
FN:10,getAbsolutePath
FN:12,getFileExtension
FN:14,readfile
FN:20,genDiff
FNF:4
FNH:4
FNDA:14,getAbsolutePath
FNDA:14,getFileExtension
FNDA:14,readfile
FNDA:7,genDiff
DA:1,1
DA:2,1
DA:3,1
DA:4,1
DA:5,1
DA:6,1
DA:7,1
DA:8,1
DA:9,1
DA:10,1
DA:11,1
DA:12,1
DA:13,1
DA:14,1
DA:15,14
DA:16,14
DA:17,14
DA:18,14
DA:19,1
DA:20,1
DA:21,7
DA:22,7
DA:23,7
DA:24,7
DA:25,7
DA:26,1
DA:27,1
LF:27
LH:27
BRDA:10,0,0,14
BRDA:12,1,0,14
BRDA:14,2,0,14
BRDA:20,3,0,7
BRF:4
BRH:4
end_of_record
TN:
SF:src/parser.js
FN:3,parseData
FNF:1
FNH:1
FNDA:15,parseData
DA:1,1
DA:2,1
DA:3,1
DA:4,15
DA:5,15
DA:6,8
DA:7,15
DA:8,15
DA:9,6
DA:10,15
DA:11,1
DA:12,15
DA:13,15
DA:14,1
DA:15,1
LF:15
LH:15
BRDA:3,0,0,15
BRDA:5,1,0,8
BRDA:7,2,0,6
BRDA:8,3,0,6
BRDA:10,4,0,1
BRF:5
BRH:5
end_of_record
TN:
SF:src/formatters/index.js
FN:5,formatter
FNF:1
FNH:1
FNDA:7,formatter
DA:1,1
DA:2,1
DA:3,1
DA:4,1
DA:5,1
DA:6,7
DA:7,7
DA:8,2
DA:9,7
DA:10,2
DA:11,7
DA:12,2
DA:13,7
DA:14,1
DA:15,1
DA:16,1
DA:17,7
DA:18,7
DA:19,1
DA:20,1
LF:20
LH:20
BRDA:5,0,0,7
BRDA:7,1,0,2
BRDA:9,2,0,2
BRDA:11,3,0,2
BRDA:13,4,0,1
BRF:5
BRH:5
end_of_record
TN:
SF:src/formatters/json.js
FN:1,formatJson
FNF:1
FNH:1
FNDA:2,formatJson
DA:1,1
DA:2,1
DA:3,1
LF:3
LH:3
BRDA:1,0,0,2
BRF:1
BRH:1
end_of_record
TN:
SF:src/formatters/plain.js
FN:3,formatValue
FN:13,formatPlain
FN:14,iter
FNF:3
FNH:3
FNDA:26,formatValue
FNDA:3,formatPlain
FNDA:11,iter
DA:1,1
DA:2,1
DA:3,1
DA:4,26
DA:5,6
DA:6,6
DA:7,26
DA:8,14
DA:9,14
DA:10,6
DA:11,6
DA:12,1
DA:13,1
DA:14,3
DA:15,11
DA:16,37
DA:17,37
DA:18,37
DA:19,37
DA:20,37
DA:21,37
DA:22,8
DA:23,37
DA:24,10
DA:25,37
DA:26,4
DA:27,37
DA:28,8
DA:29,37
DA:30,6
DA:31,37
DA:32,1
DA:33,37
DA:34,11
DA:35,11
DA:36,11
DA:37,3
DA:38,3
DA:39,3
DA:40,3
DA:41,1
DA:42,1
LF:42
LH:42
BRDA:3,0,0,26
BRDA:4,1,0,6
BRDA:6,2,0,20
BRDA:7,3,0,14
BRDA:9,4,0,6
BRDA:13,5,0,3
BRDA:14,6,0,11
BRDA:15,7,0,37
BRDA:21,8,0,8
BRDA:23,9,0,10
BRDA:25,10,0,4
BRDA:27,11,0,8
BRDA:29,12,0,6
BRDA:31,13,0,1
BRF:14
BRH:14
end_of_record
TN:
SF:src/formatters/stylish.js
FN:3,formatValue
FN:18,stylish
FNF:2
FNH:2
FNDA:54,formatValue
FNDA:11,stylish
DA:1,1
DA:2,1
DA:3,1
DA:4,54
DA:5,40
DA:6,40
DA:7,14
DA:8,14
DA:9,14
DA:10,14
DA:11,14
DA:12,14
DA:13,14
DA:14,14
DA:15,14
DA:16,14
DA:17,1
DA:18,1
DA:19,11
DA:20,11
DA:21,11
DA:22,11
DA:23,11
DA:24,37
DA:25,37
DA:26,10
DA:27,37
DA:28,4
DA:29,37
DA:30,8
DA:31,8
DA:32,8
DA:33,8
DA:34,37
DA:35,6
DA:36,37
DA:37,8
DA:38,37
DA:39,1
DA:40,37
DA:41,11
DA:42,11
DA:43,11
DA:44,11
DA:45,1
DA:46,1
LF:46
LH:46
BRDA:3,0,0,54
BRDA:4,1,0,40
BRDA:6,2,0,14
BRDA:12,3,0,18
BRDA:18,4,0,11
BRDA:23,5,0,37
BRDA:25,6,0,10
BRDA:27,7,0,4
BRDA:29,8,0,8
BRDA:34,9,0,6
BRDA:36,10,0,8
BRDA:38,11,0,1
BRF:12
BRH:12
end_of_record
