TN:
SF:index.js
FN:4,getAbsolutePath
FN:24,getFileExtension
FNF:2
FNH:2
FNDA:3,getAbsolutePath
FNDA:7,getFileExtension
DA:1,1
DA:2,1
DA:3,1
DA:4,3
DA:5,3
DA:6,1
DA:7,1
DA:8,2
DA:9,2
DA:10,2
DA:11,2
DA:12,2
DA:13,2
DA:14,2
DA:15,2
DA:16,3
DA:17,1
DA:18,1
DA:19,1
DA:20,1
DA:21,1
DA:22,1
DA:23,1
DA:24,1
DA:25,1
DA:26,1
LF:26
LH:26
BRDA:4,0,0,3
BRDA:5,1,0,1
BRDA:7,2,0,2
BRDA:16,3,0,1
BRDA:24,4,0,7
BRF:5
BRH:5
end_of_record
TN:
SF:src/gendifffunc.js
FN:3,genDiff
FNF:1
FNH:1
FNDA:3,genDiff
DA:1,1
DA:2,1
DA:3,1
DA:4,3
DA:5,3
DA:6,3
DA:7,3
DA:8,3
DA:9,11
DA:10,2
DA:11,11
DA:12,4
DA:13,9
DA:14,2
DA:15,2
DA:16,5
DA:17,3
DA:18,3
DA:19,3
DA:20,3
DA:21,3
DA:22,3
DA:23,1
DA:24,1
LF:24
LH:24
BRDA:3,0,0,3
BRDA:8,1,0,11
BRDA:9,2,0,2
BRDA:11,3,0,9
BRDA:11,4,0,4
BRDA:13,5,0,5
BRDA:13,6,0,2
BRDA:16,7,0,3
BRF:8
BRH:8
end_of_record
TN:
SF:src/parser.js
FN:3,parseData
FNF:1
FNH:1
FNDA:8,parseData
DA:1,1
DA:2,1
DA:3,1
DA:4,8
DA:5,8
DA:6,8
DA:7,4
DA:8,4
DA:9,8
DA:10,2
DA:11,2
DA:12,8
DA:13,1
DA:14,1
DA:15,8
DA:16,1
DA:17,1
DA:18,8
DA:19,8
DA:20,1
DA:21,1
LF:21
LH:21
BRDA:3,0,0,8
BRDA:6,1,0,4
BRDA:9,2,0,2
BRDA:12,3,0,1
BRDA:15,4,0,1
BRF:5
BRH:5
end_of_record
